2026-05-16 19:30:32,908 - aqt.main - INFO - installer 27796 aqtinstall(aqt) v3.3.0 on Python 3.11.8 [CPython MSC v.1937 64 bit (AMD64)]
2026-05-16 19:30:32,909 - aqt.helper - DEBUG - helper 27796 Attempt to download checksum at https://download.qt.io/online/qtsdkrepository/windows_x86/desktop/qt6_691/qt6_691/Updates.xml.sha256
2026-05-16 19:30:35,143 - aqt.helper - DEBUG - helper 27796 Attempt to download checksum at https://download.qt.io/online/qtsdkrepository/windows_x86/extensions/qtwebengine/691/msvc2022_64/Updates.xml.sha256
2026-05-16 19:30:37,030 - aqt.archives - INFO - archives 27796 Found extension qtwebengine
2026-05-16 19:30:37,030 - aqt.helper - DEBUG - helper 27796 Attempt to download checksum at https://download.qt.io/online/qtsdkrepository/windows_x86/extensions/qtpdf/691/msvc2022_64/Updates.xml.sha256
2026-05-16 19:30:38,931 - aqt.archives - INFO - archives 27796 Found extension qtpdf
2026-05-16 19:30:40,048 - aqt.helper - DEBUG - helper 12852 Attempt to download checksum at https://download.qt.io/online/qtsdkrepository/windows_x86/desktop/qt6_691/qt6_691/qt.qt6.691.win64_msvc2022_64/6.9.1-0-202505291653qtbase-Windows-Windows_11_23H2-MSVC2022-Windows-Windows_11_23H2-X86_64.7z.sha256
2026-05-16 19:30:40,055 - aqt.helper - DEBUG - helper 10576 Attempt to download checksum at https://download.qt.io/online/qtsdkrepository/windows_x86/desktop/qt6_691/qt6_691/qt.qt6.691.win64_msvc2022_64/6.9.1-0-202505291653qtsvg-Windows-Windows_11_23H2-MSVC2022-Windows-Windows_11_23H2-X86_64.7z.sha256
2026-05-16 19:30:40,075 - aqt.helper - DEBUG - helper 16268 Attempt to download checksum at https://download.qt.io/online/qtsdkrepository/windows_x86/desktop/qt6_691/qt6_691/qt.qt6.691.win64_msvc2022_64/6.9.1-0-202505291653qtdeclarative-Windows-Windows_11_23H2-MSVC2022-Windows-Windows_11_23H2-X86_64.7z.sha256
2026-05-16 19:30:40,084 - aqt.helper - DEBUG - helper 31980 Attempt to download checksum at https://download.qt.io/online/qtsdkrepository/windows_x86/desktop/qt6_691/qt6_691/qt.qt6.691.win64_msvc2022_64/6.9.1-0-202505291653qttools-Windows-Windows_11_23H2-MSVC2022-Windows-Windows_11_23H2-X86_64.7z.sha256
2026-05-16 19:30:41,612 - aqt.helper - INFO - helper 12852 Downloading qtbase...
2026-05-16 19:30:41,616 - aqt.helper - INFO - helper 10576 Downloading qtsvg...
2026-05-16 19:30:41,619 - aqt.helper - INFO - helper 31980 Downloading qttools...
2026-05-16 19:30:41,612 - aqt.installer - DEBUG - installer 12852 Download URL: https://mirrors.tuna.tsinghua.edu.cn/qt/online/qtsdkrepository/windows_x86/desktop/qt6_691/qt6_691/qt.qt6.691.win64_msvc2022_64/6.9.1-0-202505291653qtbase-Windows-Windows_11_23H2-MSVC2022-Windows-Windows_11_23H2-X86_64.7z
2026-05-16 19:30:41,616 - aqt.installer - DEBUG - installer 10576 Download URL: https://mirrors.tuna.tsinghua.edu.cn/qt/online/qtsdkrepository/windows_x86/desktop/qt6_691/qt6_691/qt.qt6.691.win64_msvc2022_64/6.9.1-0-202505291653qtsvg-Windows-Windows_11_23H2-MSVC2022-Windows-Windows_11_23H2-X86_64.7z
2026-05-16 19:30:41,619 - aqt.installer - DEBUG - installer 31980 Download URL: https://mirrors.tuna.tsinghua.edu.cn/qt/online/qtsdkrepository/windows_x86/desktop/qt6_691/qt6_691/qt.qt6.691.win64_msvc2022_64/6.9.1-0-202505291653qttools-Windows-Windows_11_23H2-MSVC2022-Windows-Windows_11_23H2-X86_64.7z
2026-05-16 19:30:41,621 - aqt.helper - INFO - helper 16268 Downloading qtdeclarative...
2026-05-16 19:30:41,621 - aqt.installer - DEBUG - installer 16268 Download URL: https://mirrors.tuna.tsinghua.edu.cn/qt/online/qtsdkrepository/windows_x86/desktop/qt6_691/qt6_691/qt.qt6.691.win64_msvc2022_64/6.9.1-0-202505291653qtdeclarative-Windows-Windows_11_23H2-MSVC2022-Windows-Windows_11_23H2-X86_64.7z
2026-05-16 19:30:42,451 - aqt.helper - INFO - helper 12852 Downloading qtbase: attempt #2...
2026-05-16 19:30:42,451 - aqt.helper - INFO - helper 10576 Downloading qtsvg: attempt #2...
2026-05-16 19:30:42,451 - aqt.installer - DEBUG - installer 12852 Download URL: https://mirrors.tuna.tsinghua.edu.cn/qt/online/qtsdkrepository/windows_x86/desktop/qt6_691/qt6_691/qt.qt6.691.win64_msvc2022_64/6.9.1-0-202505291653qtbase-Windows-Windows_11_23H2-MSVC2022-Windows-Windows_11_23H2-X86_64.7z
2026-05-16 19:30:42,451 - aqt.installer - DEBUG - installer 10576 Download URL: https://mirrors.tuna.tsinghua.edu.cn/qt/online/qtsdkrepository/windows_x86/desktop/qt6_691/qt6_691/qt.qt6.691.win64_msvc2022_64/6.9.1-0-202505291653qtsvg-Windows-Windows_11_23H2-MSVC2022-Windows-Windows_11_23H2-X86_64.7z
2026-05-16 19:30:42,457 - aqt.helper - INFO - helper 31980 Downloading qttools: attempt #2...
2026-05-16 19:30:42,457 - aqt.installer - DEBUG - installer 31980 Download URL: https://mirrors.tuna.tsinghua.edu.cn/qt/online/qtsdkrepository/windows_x86/desktop/qt6_691/qt6_691/qt.qt6.691.win64_msvc2022_64/6.9.1-0-202505291653qttools-Windows-Windows_11_23H2-MSVC2022-Windows-Windows_11_23H2-X86_64.7z
2026-05-16 19:30:42,483 - aqt.helper - INFO - helper 16268 Downloading qtdeclarative: attempt #2...
2026-05-16 19:30:42,483 - aqt.installer - DEBUG - installer 16268 Download URL: https://mirrors.tuna.tsinghua.edu.cn/qt/online/qtsdkrepository/windows_x86/desktop/qt6_691/qt6_691/qt.qt6.691.win64_msvc2022_64/6.9.1-0-202505291653qtdeclarative-Windows-Windows_11_23H2-MSVC2022-Windows-Windows_11_23H2-X86_64.7z
2026-05-16 19:30:43,285 - aqt.helper - INFO - helper 12852 Downloading qtbase: attempt #3...
2026-05-16 19:30:43,285 - aqt.installer - DEBUG - installer 12852 Download URL: https://mirrors.tuna.tsinghua.edu.cn/qt/online/qtsdkrepository/windows_x86/desktop/qt6_691/qt6_691/qt.qt6.691.win64_msvc2022_64/6.9.1-0-202505291653qtbase-Windows-Windows_11_23H2-MSVC2022-Windows-Windows_11_23H2-X86_64.7z
2026-05-16 19:30:43,300 - aqt.helper - INFO - helper 10576 Downloading qtsvg: attempt #3...
2026-05-16 19:30:43,300 - aqt.installer - DEBUG - installer 10576 Download URL: https://mirrors.tuna.tsinghua.edu.cn/qt/online/qtsdkrepository/windows_x86/desktop/qt6_691/qt6_691/qt.qt6.691.win64_msvc2022_64/6.9.1-0-202505291653qtsvg-Windows-Windows_11_23H2-MSVC2022-Windows-Windows_11_23H2-X86_64.7z
2026-05-16 19:30:43,300 - aqt.helper - INFO - helper 31980 Downloading qttools: attempt #3...
2026-05-16 19:30:43,302 - aqt.installer - DEBUG - installer 31980 Download URL: https://mirrors.tuna.tsinghua.edu.cn/qt/online/qtsdkrepository/windows_x86/desktop/qt6_691/qt6_691/qt.qt6.691.win64_msvc2022_64/6.9.1-0-202505291653qttools-Windows-Windows_11_23H2-MSVC2022-Windows-Windows_11_23H2-X86_64.7z
2026-05-16 19:30:43,311 - aqt.helper - INFO - helper 16268 Downloading qtdeclarative: attempt #3...
2026-05-16 19:30:43,311 - aqt.installer - DEBUG - installer 16268 Download URL: https://mirrors.tuna.tsinghua.edu.cn/qt/online/qtsdkrepository/windows_x86/desktop/qt6_691/qt6_691/qt.qt6.691.win64_msvc2022_64/6.9.1-0-202505291653qtdeclarative-Windows-Windows_11_23H2-MSVC2022-Windows-Windows_11_23H2-X86_64.7z
2026-05-16 19:30:44,124 - aqt.helper - INFO - helper 12852 Downloading qtbase: attempt #4...
2026-05-16 19:30:44,124 - aqt.installer - DEBUG - installer 12852 Download URL: https://mirrors.tuna.tsinghua.edu.cn/qt/online/qtsdkrepository/windows_x86/desktop/qt6_691/qt6_691/qt.qt6.691.win64_msvc2022_64/6.9.1-0-202505291653qtbase-Windows-Windows_11_23H2-MSVC2022-Windows-Windows_11_23H2-X86_64.7z
2026-05-16 19:30:44,141 - aqt.helper - INFO - helper 16268 Downloading qtdeclarative: attempt #4...
2026-05-16 19:30:44,141 - aqt.installer - DEBUG - installer 16268 Download URL: https://mirrors.tuna.tsinghua.edu.cn/qt/online/qtsdkrepository/windows_x86/desktop/qt6_691/qt6_691/qt.qt6.691.win64_msvc2022_64/6.9.1-0-202505291653qtdeclarative-Windows-Windows_11_23H2-MSVC2022-Windows-Windows_11_23H2-X86_64.7z
2026-05-16 19:30:44,156 - aqt.helper - INFO - helper 10576 Downloading qtsvg: attempt #4...
2026-05-16 19:30:44,156 - aqt.installer - DEBUG - installer 10576 Download URL: https://mirrors.tuna.tsinghua.edu.cn/qt/online/qtsdkrepository/windows_x86/desktop/qt6_691/qt6_691/qt.qt6.691.win64_msvc2022_64/6.9.1-0-202505291653qtsvg-Windows-Windows_11_23H2-MSVC2022-Windows-Windows_11_23H2-X86_64.7z
2026-05-16 19:30:44,161 - aqt.helper - INFO - helper 31980 Downloading qttools: attempt #4...
2026-05-16 19:30:44,162 - aqt.installer - DEBUG - installer 31980 Download URL: https://mirrors.tuna.tsinghua.edu.cn/qt/online/qtsdkrepository/windows_x86/desktop/qt6_691/qt6_691/qt.qt6.691.win64_msvc2022_64/6.9.1-0-202505291653qttools-Windows-Windows_11_23H2-MSVC2022-Windows-Windows_11_23H2-X86_64.7z
2026-05-16 19:30:44,962 - aqt.helper - INFO - helper 16268 Downloading qtdeclarative: attempt #5...
2026-05-16 19:30:44,962 - aqt.installer - DEBUG - installer 16268 Download URL: https://mirrors.tuna.tsinghua.edu.cn/qt/online/qtsdkrepository/windows_x86/desktop/qt6_691/qt6_691/qt.qt6.691.win64_msvc2022_64/6.9.1-0-202505291653qtdeclarative-Windows-Windows_11_23H2-MSVC2022-Windows-Windows_11_23H2-X86_64.7z
2026-05-16 19:30:44,964 - aqt.helper - INFO - helper 12852 Downloading qtbase: attempt #5...
2026-05-16 19:30:44,964 - aqt.installer - DEBUG - installer 12852 Download URL: https://mirrors.tuna.tsinghua.edu.cn/qt/online/qtsdkrepository/windows_x86/desktop/qt6_691/qt6_691/qt.qt6.691.win64_msvc2022_64/6.9.1-0-202505291653qtbase-Windows-Windows_11_23H2-MSVC2022-Windows-Windows_11_23H2-X86_64.7z
2026-05-16 19:30:44,986 - aqt.helper - INFO - helper 10576 Downloading qtsvg: attempt #5...
2026-05-16 19:30:44,986 - aqt.installer - DEBUG - installer 10576 Download URL: https://mirrors.tuna.tsinghua.edu.cn/qt/online/qtsdkrepository/windows_x86/desktop/qt6_691/qt6_691/qt.qt6.691.win64_msvc2022_64/6.9.1-0-202505291653qtsvg-Windows-Windows_11_23H2-MSVC2022-Windows-Windows_11_23H2-X86_64.7z
2026-05-16 19:30:45,013 - aqt.helper - INFO - helper 31980 Downloading qttools: attempt #5...
2026-05-16 19:30:45,013 - aqt.installer - DEBUG - installer 31980 Download URL: https://mirrors.tuna.tsinghua.edu.cn/qt/online/qtsdkrepository/windows_x86/desktop/qt6_691/qt6_691/qt.qt6.691.win64_msvc2022_64/6.9.1-0-202505291653qttools-Windows-Windows_11_23H2-MSVC2022-Windows-Windows_11_23H2-X86_64.7z
2026-05-16 19:30:45,794 - aqt.helper - DEBUG - helper 16268 Attempt to download checksum at https://download.qt.io/online/qtsdkrepository/windows_x86/desktop/qt6_691/qt6_691/qt.qt6.691.win64_msvc2022_64/6.9.1-0-202505291653qttranslations-Windows-Windows_11_23H2-MSVC2022-Windows-Windows_11_23H2-X86_64.7z.sha256
2026-05-16 19:30:45,806 - aqt.helper - DEBUG - helper 12852 Attempt to download checksum at https://download.qt.io/online/qtsdkrepository/windows_x86/desktop/qt6_691/qt6_691/qt.qt6.691.win64_msvc2022_64/6.9.1-0-202505291653d3dcompiler_47-x64.7z.sha256
2026-05-16 19:30:45,828 - aqt.helper - DEBUG - helper 10576 Attempt to download checksum at https://download.qt.io/online/qtsdkrepository/windows_x86/desktop/qt6_691/qt6_691/qt.qt6.691.win64_msvc2022_64/6.9.1-0-202505291653opengl32sw-64-mesa_11_2_2-signed_sha256.7z.sha256
2026-05-16 19:30:47,297 - aqt.helper - INFO - helper 16268 Downloading qttranslations...
2026-05-16 19:30:47,297 - aqt.installer - DEBUG - installer 16268 Download URL: https://mirrors.tuna.tsinghua.edu.cn/qt/online/qtsdkrepository/windows_x86/desktop/qt6_691/qt6_691/qt.qt6.691.win64_msvc2022_64/6.9.1-0-202505291653qttranslations-Windows-Windows_11_23H2-MSVC2022-Windows-Windows_11_23H2-X86_64.7z
2026-05-16 19:30:47,321 - aqt.helper - INFO - helper 12852 Downloading d3dcompiler_47...
2026-05-16 19:30:47,321 - aqt.installer - DEBUG - installer 12852 Download URL: https://mirrors.tuna.tsinghua.edu.cn/qt/online/qtsdkrepository/windows_x86/desktop/qt6_691/qt6_691/qt.qt6.691.win64_msvc2022_64/6.9.1-0-202505291653d3dcompiler_47-x64.7z
2026-05-16 19:30:47,337 - aqt.helper - INFO - helper 10576 Downloading opengl32sw...
2026-05-16 19:30:47,337 - aqt.installer - DEBUG - installer 10576 Download URL: https://mirrors.tuna.tsinghua.edu.cn/qt/online/qtsdkrepository/windows_x86/desktop/qt6_691/qt6_691/qt.qt6.691.win64_msvc2022_64/6.9.1-0-202505291653opengl32sw-64-mesa_11_2_2-signed_sha256.7z
2026-05-16 19:30:48,115 - aqt.helper - INFO - helper 16268 Downloading qttranslations: attempt #2...
2026-05-16 19:30:48,115 - aqt.installer - DEBUG - installer 16268 Download URL: https://mirrors.tuna.tsinghua.edu.cn/qt/online/qtsdkrepository/windows_x86/desktop/qt6_691/qt6_691/qt.qt6.691.win64_msvc2022_64/6.9.1-0-202505291653qttranslations-Windows-Windows_11_23H2-MSVC2022-Windows-Windows_11_23H2-X86_64.7z
2026-05-16 19:30:48,147 - aqt.helper - INFO - helper 12852 Downloading d3dcompiler_47: attempt #2...
2026-05-16 19:30:48,147 - aqt.installer - DEBUG - installer 12852 Download URL: https://mirrors.tuna.tsinghua.edu.cn/qt/online/qtsdkrepository/windows_x86/desktop/qt6_691/qt6_691/qt.qt6.691.win64_msvc2022_64/6.9.1-0-202505291653d3dcompiler_47-x64.7z
2026-05-16 19:30:48,151 - aqt.helper - INFO - helper 10576 Downloading opengl32sw: attempt #2...
2026-05-16 19:30:48,151 - aqt.installer - DEBUG - installer 10576 Download URL: https://mirrors.tuna.tsinghua.edu.cn/qt/online/qtsdkrepository/windows_x86/desktop/qt6_691/qt6_691/qt.qt6.691.win64_msvc2022_64/6.9.1-0-202505291653opengl32sw-64-mesa_11_2_2-signed_sha256.7z
2026-05-16 19:30:48,899 - aqt.helper - INFO - helper 16268 Downloading qttranslations: attempt #3...
2026-05-16 19:30:48,899 - aqt.installer - DEBUG - installer 16268 Download URL: https://mirrors.tuna.tsinghua.edu.cn/qt/online/qtsdkrepository/windows_x86/desktop/qt6_691/qt6_691/qt.qt6.691.win64_msvc2022_64/6.9.1-0-202505291653qttranslations-Windows-Windows_11_23H2-MSVC2022-Windows-Windows_11_23H2-X86_64.7z
2026-05-16 19:30:48,925 - aqt.helper - INFO - helper 10576 Downloading opengl32sw: attempt #3...
2026-05-16 19:30:48,925 - aqt.helper - INFO - helper 12852 Downloading d3dcompiler_47: attempt #3...
2026-05-16 19:30:48,925 - aqt.installer - DEBUG - installer 10576 Download URL: https://mirrors.tuna.tsinghua.edu.cn/qt/online/qtsdkrepository/windows_x86/desktop/qt6_691/qt6_691/qt.qt6.691.win64_msvc2022_64/6.9.1-0-202505291653opengl32sw-64-mesa_11_2_2-signed_sha256.7z
2026-05-16 19:30:48,925 - aqt.installer - DEBUG - installer 12852 Download URL: https://mirrors.tuna.tsinghua.edu.cn/qt/online/qtsdkrepository/windows_x86/desktop/qt6_691/qt6_691/qt.qt6.691.win64_msvc2022_64/6.9.1-0-202505291653d3dcompiler_47-x64.7z
2026-05-16 19:30:49,709 - aqt.helper - INFO - helper 16268 Downloading qttranslations: attempt #4...
2026-05-16 19:30:49,709 - aqt.installer - DEBUG - installer 16268 Download URL: https://mirrors.tuna.tsinghua.edu.cn/qt/online/qtsdkrepository/windows_x86/desktop/qt6_691/qt6_691/qt.qt6.691.win64_msvc2022_64/6.9.1-0-202505291653qttranslations-Windows-Windows_11_23H2-MSVC2022-Windows-Windows_11_23H2-X86_64.7z
2026-05-16 19:30:49,713 - aqt.helper - INFO - helper 12852 Downloading d3dcompiler_47: attempt #4...
2026-05-16 19:30:49,713 - aqt.installer - DEBUG - installer 12852 Download URL: https://mirrors.tuna.tsinghua.edu.cn/qt/online/qtsdkrepository/windows_x86/desktop/qt6_691/qt6_691/qt.qt6.691.win64_msvc2022_64/6.9.1-0-202505291653d3dcompiler_47-x64.7z
2026-05-16 19:30:49,718 - aqt.helper - INFO - helper 10576 Downloading opengl32sw: attempt #4...
2026-05-16 19:30:49,718 - aqt.installer - DEBUG - installer 10576 Download URL: https://mirrors.tuna.tsinghua.edu.cn/qt/online/qtsdkrepository/windows_x86/desktop/qt6_691/qt6_691/qt.qt6.691.win64_msvc2022_64/6.9.1-0-202505291653opengl32sw-64-mesa_11_2_2-signed_sha256.7z
2026-05-16 19:30:50,475 - aqt.helper - INFO - helper 12852 Downloading d3dcompiler_47: attempt #5...
2026-05-16 19:30:50,475 - aqt.installer - DEBUG - installer 12852 Download URL: https://mirrors.tuna.tsinghua.edu.cn/qt/online/qtsdkrepository/windows_x86/desktop/qt6_691/qt6_691/qt.qt6.691.win64_msvc2022_64/6.9.1-0-202505291653d3dcompiler_47-x64.7z
2026-05-16 19:30:50,494 - aqt.helper - INFO - helper 16268 Downloading qttranslations: attempt #5...
2026-05-16 19:30:50,494 - aqt.installer - DEBUG - installer 16268 Download URL: https://mirrors.tuna.tsinghua.edu.cn/qt/online/qtsdkrepository/windows_x86/desktop/qt6_691/qt6_691/qt.qt6.691.win64_msvc2022_64/6.9.1-0-202505291653qttranslations-Windows-Windows_11_23H2-MSVC2022-Windows-Windows_11_23H2-X86_64.7z
2026-05-16 19:30:50,500 - aqt.helper - INFO - helper 10576 Downloading opengl32sw: attempt #5...
2026-05-16 19:30:50,500 - aqt.installer - DEBUG - installer 10576 Download URL: https://mirrors.tuna.tsinghua.edu.cn/qt/online/qtsdkrepository/windows_x86/desktop/qt6_691/qt6_691/qt.qt6.691.win64_msvc2022_64/6.9.1-0-202505291653opengl32sw-64-mesa_11_2_2-signed_sha256.7z
2026-05-16 19:30:51,393 - aqt.installer - WARNING - installer 27796 Caught ArchiveChecksumError, terminating installer workers
2026-05-16 19:30:51,504 - aqt.main - ERROR - installer 27796 Downloaded file 6.9.1-0-202505291653qtdeclarative-Windows-Windows_11_23H2-MSVC2022-Windows-Windows_11_23H2-X86_64.7z is corrupted! Detect checksum error.
Expect 0e434f1435938e7dbfc401d3fdff7f930a261a25d1f37e746a8236ba742151f3: https://mirrors.tuna.tsinghua.edu.cn/qt/online/qtsdkrepository/windows_x86/desktop/qt6_691/qt6_691/qt.qt6.691.win64_msvc2022_64/6.9.1-0-202505291653qtdeclarative-Windows-Windows_11_23H2-MSVC2022-Windows-Windows_11_23H2-X86_64.7z
Actual 9c36cd2c0496ea58c5a933db388be5cdad27712886167aa7f54c95c68c803ce6: qtdeclarative-Windows-Windows_11_23H2-MSVC2022-Windows-Windows_11_23H2-X86_64.7z
2026-05-16 19:31:00,567 - aqt.main - INFO - installer 34480 aqtinstall(aqt) v3.3.0 on Python 3.11.8 [CPython MSC v.1937 64 bit (AMD64)]
2026-05-16 19:31:00,567 - aqt.helper - DEBUG - helper 34480 Attempt to download checksum at https://download.qt.io/online/qtsdkrepository/windows_x86/desktop/qt6_691/qt6_691/Updates.xml.sha256
2026-05-16 19:31:24,063 - aqt.helper - DEBUG - helper 34480 Attempt to download checksum at https://download.qt.io/online/qtsdkrepository/windows_x86/extensions/qtwebengine/691/msvc2022_64/Updates.xml.sha256
2026-05-16 19:31:27,276 - aqt.archives - INFO - archives 34480 Found extension qtwebengine
2026-05-16 19:31:27,276 - aqt.helper - DEBUG - helper 34480 Attempt to download checksum at https://download.qt.io/online/qtsdkrepository/windows_x86/extensions/qtpdf/691/msvc2022_64/Updates.xml.sha256
2026-05-16 19:31:31,030 - aqt.archives - INFO - archives 34480 Found extension qtpdf
2026-05-16 19:31:32,107 - aqt.helper - DEBUG - helper 22200 Attempt to download checksum at https://download.qt.io/online/qtsdkrepository/windows_x86/desktop/qt6_691/qt6_691/qt.qt6.691.win64_msvc2022_64/6.9.1-0-202505291653qtbase-Windows-Windows_11_23H2-MSVC2022-Windows-Windows_11_23H2-X86_64.7z.sha256
2026-05-16 19:31:32,116 - aqt.helper - DEBUG - helper 29960 Attempt to download checksum at https://download.qt.io/online/qtsdkrepository/windows_x86/desktop/qt6_691/qt6_691/qt.qt6.691.win64_msvc2022_64/6.9.1-0-202505291653qtsvg-Windows-Windows_11_23H2-MSVC2022-Windows-Windows_11_23H2-X86_64.7z.sha256
2026-05-16 19:31:32,120 - aqt.helper - DEBUG - helper 35836 Attempt to download checksum at https://download.qt.io/online/qtsdkrepository/windows_x86/desktop/qt6_691/qt6_691/qt.qt6.691.win64_msvc2022_64/6.9.1-0-202505291653qttools-Windows-Windows_11_23H2-MSVC2022-Windows-Windows_11_23H2-X86_64.7z.sha256
2026-05-16 19:31:32,121 - aqt.helper - DEBUG - helper 35456 Attempt to download checksum at https://download.qt.io/online/qtsdkrepository/windows_x86/desktop/qt6_691/qt6_691/qt.qt6.691.win64_msvc2022_64/6.9.1-0-202505291653qtdeclarative-Windows-Windows_11_23H2-MSVC2022-Windows-Windows_11_23H2-X86_64.7z.sha256
2026-05-16 19:31:35,436 - aqt.helper - INFO - helper 35456 Downloading qtdeclarative...
2026-05-16 19:31:35,436 - aqt.installer - DEBUG - installer 35456 Download URL: https://download.qt.io/online/qtsdkrepository/windows_x86/desktop/qt6_691/qt6_691/qt.qt6.691.win64_msvc2022_64/6.9.1-0-202505291653qtdeclarative-Windows-Windows_11_23H2-MSVC2022-Windows-Windows_11_23H2-X86_64.7z
2026-05-16 19:31:35,455 - aqt.helper - INFO - helper 22200 Downloading qtbase...
2026-05-16 19:31:35,456 - aqt.installer - DEBUG - installer 22200 Download URL: https://download.qt.io/online/qtsdkrepository/windows_x86/desktop/qt6_691/qt6_691/qt.qt6.691.win64_msvc2022_64/6.9.1-0-202505291653qtbase-Windows-Windows_11_23H2-MSVC2022-Windows-Windows_11_23H2-X86_64.7z
2026-05-16 19:31:35,747 - aqt.helper - INFO - helper 29960 Downloading qtsvg...
2026-05-16 19:31:35,747 - aqt.installer - DEBUG - installer 29960 Download URL: https://download.qt.io/online/qtsdkrepository/windows_x86/desktop/qt6_691/qt6_691/qt.qt6.691.win64_msvc2022_64/6.9.1-0-202505291653qtsvg-Windows-Windows_11_23H2-MSVC2022-Windows-Windows_11_23H2-X86_64.7z
2026-05-16 19:31:35,996 - aqt.helper - INFO - helper 35836 Downloading qttools...
2026-05-16 19:31:35,996 - aqt.installer - DEBUG - installer 35836 Download URL: https://download.qt.io/online/qtsdkrepository/windows_x86/desktop/qt6_691/qt6_691/qt.qt6.691.win64_msvc2022_64/6.9.1-0-202505291653qttools-Windows-Windows_11_23H2-MSVC2022-Windows-Windows_11_23H2-X86_64.7z
2026-05-16 19:31:48,297 - aqt.helper - DEBUG - helper 22200 Asked to redirect(302) to: https://mirror.maeen.sa/qtproject/online/qtsdkrepository/windows_x86/desktop/qt6_691/qt6_691/qt.qt6.691.win64_msvc2022_64/6.9.1-0-202505291653qtbase-Windows-Windows_11_23H2-MSVC2022-Windows-Windows_11_23H2-X86_64.7z
2026-05-16 19:31:48,297 - aqt.helper - INFO - helper 22200 Redirected: mirror.maeen.sa
2026-05-16 19:31:48,350 - aqt.helper - DEBUG - helper 35456 Asked to redirect(302) to: https://mirror.maeen.sa/qtproject/online/qtsdkrepository/windows_x86/desktop/qt6_691/qt6_691/qt.qt6.691.win64_msvc2022_64/6.9.1-0-202505291653qtdeclarative-Windows-Windows_11_23H2-MSVC2022-Windows-Windows_11_23H2-X86_64.7z
2026-05-16 19:31:48,350 - aqt.helper - INFO - helper 35456 Redirected: mirror.maeen.sa
2026-05-16 19:31:48,361 - aqt.helper - DEBUG - helper 29960 Asked to redirect(302) to: https://mirror.maeen.sa/qtproject/online/qtsdkrepository/windows_x86/desktop/qt6_691/qt6_691/qt.qt6.691.win64_msvc2022_64/6.9.1-0-202505291653qtsvg-Windows-Windows_11_23H2-MSVC2022-Windows-Windows_11_23H2-X86_64.7z
2026-05-16 19:31:48,361 - aqt.helper - INFO - helper 29960 Redirected: mirror.maeen.sa
2026-05-16 19:31:48,471 - aqt.helper - DEBUG - helper 35836 Asked to redirect(302) to: https://mirror.maeen.sa/qtproject/online/qtsdkrepository/windows_x86/desktop/qt6_691/qt6_691/qt.qt6.691.win64_msvc2022_64/6.9.1-0-202505291653qttools-Windows-Windows_11_23H2-MSVC2022-Windows-Windows_11_23H2-X86_64.7z
2026-05-16 19:31:48,471 - aqt.helper - INFO - helper 35836 Redirected: mirror.maeen.sa
2026-05-16 19:32:44,796 - aqt.installer - INFO - installer 29960 Finished installation of qtsvg-Windows-Windows_11_23H2-MSVC2022-Windows-Windows_11_23H2-X86_64.7z in 72.68236140
2026-05-16 19:32:44,812 - aqt.helper - DEBUG - helper 29960 Attempt to download checksum at https://download.qt.io/online/qtsdkrepository/windows_x86/desktop/qt6_691/qt6_691/qt.qt6.691.win64_msvc2022_64/6.9.1-0-202505291653qttranslations-Windows-Windows_11_23H2-MSVC2022-Windows-Windows_11_23H2-X86_64.7z.sha256
2026-05-16 19:32:46,816 - aqt.helper - INFO - helper 29960 Downloading qttranslations...
2026-05-16 19:32:46,816 - aqt.installer - DEBUG - installer 29960 Download URL: https://download.qt.io/online/qtsdkrepository/windows_x86/desktop/qt6_691/qt6_691/qt.qt6.691.win64_msvc2022_64/6.9.1-0-202505291653qttranslations-Windows-Windows_11_23H2-MSVC2022-Windows-Windows_11_23H2-X86_64.7z
2026-05-16 19:32:49,727 - aqt.helper - DEBUG - helper 29960 Asked to redirect(302) to: https://mirror.maeen.sa/qtproject/online/qtsdkrepository/windows_x86/desktop/qt6_691/qt6_691/qt.qt6.691.win64_msvc2022_64/6.9.1-0-202505291653qttranslations-Windows-Windows_11_23H2-MSVC2022-Windows-Windows_11_23H2-X86_64.7z
2026-05-16 19:32:49,727 - aqt.helper - INFO - helper 29960 Redirected: mirror.maeen.sa
2026-05-16 19:33:46,681 - aqt.installer - INFO - installer 29960 Finished installation of qttranslations-Windows-Windows_11_23H2-MSVC2022-Windows-Windows_11_23H2-X86_64.7z in 61.87225970
2026-05-16 19:33:46,694 - aqt.helper - DEBUG - helper 29960 Attempt to download checksum at https://download.qt.io/online/qtsdkrepository/windows_x86/desktop/qt6_691/qt6_691/qt.qt6.691.win64_msvc2022_64/6.9.1-0-202505291653d3dcompiler_47-x64.7z.sha256
2026-05-16 19:33:51,673 - aqt.helper - INFO - helper 29960 Downloading d3dcompiler_47...
2026-05-16 19:33:51,673 - aqt.installer - DEBUG - installer 29960 Download URL: https://download.qt.io/online/qtsdkrepository/windows_x86/desktop/qt6_691/qt6_691/qt.qt6.691.win64_msvc2022_64/6.9.1-0-202505291653d3dcompiler_47-x64.7z
2026-05-16 19:33:54,250 - aqt.helper - DEBUG - helper 29960 Asked to redirect(302) to: https://mirror.maeen.sa/qtproject/online/qtsdkrepository/windows_x86/desktop/qt6_691/qt6_691/qt.qt6.691.win64_msvc2022_64/6.9.1-0-202505291653d3dcompiler_47-x64.7z
2026-05-16 19:33:54,250 - aqt.helper - INFO - helper 29960 Redirected: mirror.maeen.sa
2026-05-16 19:33:59,726 - aqt.installer - INFO - installer 29960 Finished installation of d3dcompiler_47-x64.7z in 13.03368680
2026-05-16 19:33:59,738 - aqt.helper - DEBUG - helper 29960 Attempt to download checksum at https://download.qt.io/online/qtsdkrepository/windows_x86/desktop/qt6_691/qt6_691/qt.qt6.691.win64_msvc2022_64/6.9.1-0-202505291653opengl32sw-64-mesa_11_2_2-signed_sha256.7z.sha256
2026-05-16 19:34:05,818 - aqt.helper - INFO - helper 29960 Downloading opengl32sw...
2026-05-16 19:34:05,818 - aqt.installer - DEBUG - installer 29960 Download URL: https://download.qt.io/online/qtsdkrepository/windows_x86/desktop/qt6_691/qt6_691/qt.qt6.691.win64_msvc2022_64/6.9.1-0-202505291653opengl32sw-64-mesa_11_2_2-signed_sha256.7z
2026-05-16 19:34:07,843 - aqt.helper - DEBUG - helper 29960 Asked to redirect(302) to: https://mirror.maeen.sa/qtproject/online/qtsdkrepository/windows_x86/desktop/qt6_691/qt6_691/qt.qt6.691.win64_msvc2022_64/6.9.1-0-202505291653opengl32sw-64-mesa_11_2_2-signed_sha256.7z
2026-05-16 19:34:07,843 - aqt.helper - INFO - helper 29960 Redirected: mirror.maeen.sa
2026-05-16 19:34:19,853 - aqt.installer - INFO - installer 29960 Finished installation of opengl32sw-64-mesa_11_2_2-signed_sha256.7z in 20.11913460
2026-05-16 19:35:23,928 - aqt.installer - INFO - installer 35836 Finished installation of qttools-Windows-Windows_11_23H2-MSVC2022-Windows-Windows_11_23H2-X86_64.7z in 231.81064130
2026-05-16 19:35:59,766 - aqt.installer - INFO - installer 22200 Finished installation of qtbase-Windows-Windows_11_23H2-MSVC2022-Windows-Windows_11_23H2-X86_64.7z in 267.66168440
2026-05-16 19:40:07,359 - aqt.installer - INFO - installer 35456 Finished installation of qtdeclarative-Windows-Windows_11_23H2-MSVC2022-Windows-Windows_11_23H2-X86_64.7z in 515.24014740
2026-05-16 19:40:08,151 - aqt.updater - INFO - updater 34480 Patching D:\QT\6.9.1\6.9.1\msvc2022_64\bin\qmake.exe
2026-05-16 19:40:08,155 - aqt.updater - INFO - updater 34480 Patching D:\QT\6.9.1\6.9.1\msvc2022_64\lib\Qt6Concurrent.prl
2026-05-16 19:40:08,156 - aqt.updater - INFO - updater 34480 Patching D:\QT\6.9.1\6.9.1\msvc2022_64\lib\Qt6Concurrentd.prl
2026-05-16 19:40:08,158 - aqt.updater - INFO - updater 34480 Patching D:\QT\6.9.1\6.9.1\msvc2022_64\lib\Qt6Core.prl
2026-05-16 19:40:08,159 - aqt.updater - INFO - updater 34480 Patching D:\QT\6.9.1\6.9.1\msvc2022_64\lib\Qt6Cored.prl
2026-05-16 19:40:08,159 - aqt.updater - INFO - updater 34480 Patching D:\QT\6.9.1\6.9.1\msvc2022_64\lib\Qt6DBus.prl
2026-05-16 19:40:08,160 - aqt.updater - INFO - updater 34480 Patching D:\QT\6.9.1\6.9.1\msvc2022_64\lib\Qt6DBusd.prl
2026-05-16 19:40:08,161 - aqt.updater - INFO - updater 34480 Patching D:\QT\6.9.1\6.9.1\msvc2022_64\lib\Qt6Designer.prl
2026-05-16 19:40:08,162 - aqt.updater - INFO - updater 34480 Patching D:\QT\6.9.1\6.9.1\msvc2022_64\lib\Qt6DesignerComponents.prl
2026-05-16 19:40:08,163 - aqt.updater - INFO - updater 34480 Patching D:\QT\6.9.1\6.9.1\msvc2022_64\lib\Qt6DesignerComponentsd.prl
2026-05-16 19:40:08,164 - aqt.updater - INFO - updater 34480 Patching D:\QT\6.9.1\6.9.1\msvc2022_64\lib\Qt6Designerd.prl
2026-05-16 19:40:08,165 - aqt.updater - INFO - updater 34480 Patching D:\QT\6.9.1\6.9.1\msvc2022_64\lib\Qt6DeviceDiscoverySupport.prl
2026-05-16 19:40:08,167 - aqt.updater - INFO - updater 34480 Patching D:\QT\6.9.1\6.9.1\msvc2022_64\lib\Qt6DeviceDiscoverySupportd.prl
2026-05-16 19:40:08,168 - aqt.updater - INFO - updater 34480 Patching D:\QT\6.9.1\6.9.1\msvc2022_64\lib\Qt6EntryPoint.prl
2026-05-16 19:40:08,169 - aqt.updater - INFO - updater 34480 Patching D:\QT\6.9.1\6.9.1\msvc2022_64\lib\Qt6EntryPointd.prl
2026-05-16 19:40:08,170 - aqt.updater - INFO - updater 34480 Patching D:\QT\6.9.1\6.9.1\msvc2022_64\lib\Qt6ExampleIcons.prl
2026-05-16 19:40:08,171 - aqt.updater - INFO - updater 34480 Patching D:\QT\6.9.1\6.9.1\msvc2022_64\lib\Qt6ExampleIconsd.prl
2026-05-16 19:40:08,172 - aqt.updater - INFO - updater 34480 Patching D:\QT\6.9.1\6.9.1\msvc2022_64\lib\Qt6ExamplesAssetDownloader.prl
2026-05-16 19:40:08,173 - aqt.updater - INFO - updater 34480 Patching D:\QT\6.9.1\6.9.1\msvc2022_64\lib\Qt6ExamplesAssetDownloaderd.prl
2026-05-16 19:40:08,174 - aqt.updater - INFO - updater 34480 Patching D:\QT\6.9.1\6.9.1\msvc2022_64\lib\Qt6FbSupport.prl
2026-05-16 19:40:08,176 - aqt.updater - INFO - updater 34480 Patching D:\QT\6.9.1\6.9.1\msvc2022_64\lib\Qt6FbSupportd.prl
2026-05-16 19:40:08,177 - aqt.updater - INFO - updater 34480 Patching D:\QT\6.9.1\6.9.1\msvc2022_64\lib\Qt6Gui.prl
2026-05-16 19:40:08,178 - aqt.updater - INFO - updater 34480 Patching D:\QT\6.9.1\6.9.1\msvc2022_64\lib\Qt6Guid.prl
2026-05-16 19:40:08,179 - aqt.updater - INFO - updater 34480 Patching D:\QT\6.9.1\6.9.1\msvc2022_64\lib\Qt6Help.prl
2026-05-16 19:40:08,179 - aqt.updater - INFO - updater 34480 Patching D:\QT\6.9.1\6.9.1\msvc2022_64\lib\Qt6Helpd.prl
2026-05-16 19:40:08,180 - aqt.updater - INFO - updater 34480 Patching D:\QT\6.9.1\6.9.1\msvc2022_64\lib\Qt6LabsAnimation.prl
2026-05-16 19:40:08,181 - aqt.updater - INFO - updater 34480 Patching D:\QT\6.9.1\6.9.1\msvc2022_64\lib\Qt6LabsAnimationd.prl
2026-05-16 19:40:08,182 - aqt.updater - INFO - updater 34480 Patching D:\QT\6.9.1\6.9.1\msvc2022_64\lib\Qt6LabsFolderListModel.prl
2026-05-16 19:40:08,183 - aqt.updater - INFO - updater 34480 Patching D:\QT\6.9.1\6.9.1\msvc2022_64\lib\Qt6LabsFolderListModeld.prl
2026-05-16 19:40:08,184 - aqt.updater - INFO - updater 34480 Patching D:\QT\6.9.1\6.9.1\msvc2022_64\lib\Qt6LabsPlatform.prl
2026-05-16 19:40:08,185 - aqt.updater - INFO - updater 34480 Patching D:\QT\6.9.1\6.9.1\msvc2022_64\lib\Qt6LabsPlatformd.prl
2026-05-16 19:40:08,186 - aqt.updater - INFO - updater 34480 Patching D:\QT\6.9.1\6.9.1\msvc2022_64\lib\Qt6LabsQmlModels.prl
2026-05-16 19:40:08,187 - aqt.updater - INFO - updater 34480 Patching D:\QT\6.9.1\6.9.1\msvc2022_64\lib\Qt6LabsQmlModelsd.prl
2026-05-16 19:40:08,188 - aqt.updater - INFO - updater 34480 Patching D:\QT\6.9.1\6.9.1\msvc2022_64\lib\Qt6LabsSettings.prl
2026-05-16 19:40:08,189 - aqt.updater - INFO - updater 34480 Patching D:\QT\6.9.1\6.9.1\msvc2022_64\lib\Qt6LabsSettingsd.prl
2026-05-16 19:40:08,190 - aqt.updater - INFO - updater 34480 Patching D:\QT\6.9.1\6.9.1\msvc2022_64\lib\Qt6LabsSharedImage.prl
2026-05-16 19:40:08,191 - aqt.updater - INFO - updater 34480 Patching D:\QT\6.9.1\6.9.1\msvc2022_64\lib\Qt6LabsSharedImaged.prl
2026-05-16 19:40:08,192 - aqt.updater - INFO - updater 34480 Patching D:\QT\6.9.1\6.9.1\msvc2022_64\lib\Qt6LabsWavefrontMesh.prl
2026-05-16 19:40:08,193 - aqt.updater - INFO - updater 34480 Patching D:\QT\6.9.1\6.9.1\msvc2022_64\lib\Qt6LabsWavefrontMeshd.prl
2026-05-16 19:40:08,194 - aqt.updater - INFO - updater 34480 Patching D:\QT\6.9.1\6.9.1\msvc2022_64\lib\Qt6Network.prl
2026-05-16 19:40:08,195 - aqt.updater - INFO - updater 34480 Patching D:\QT\6.9.1\6.9.1\msvc2022_64\lib\Qt6Networkd.prl
2026-05-16 19:40:08,196 - aqt.updater - INFO - updater 34480 Patching D:\QT\6.9.1\6.9.1\msvc2022_64\lib\Qt6OpenGL.prl
2026-05-16 19:40:08,197 - aqt.updater - INFO - updater 34480 Patching D:\QT\6.9.1\6.9.1\msvc2022_64\lib\Qt6OpenGLd.prl
2026-05-16 19:40:08,199 - aqt.updater - INFO - updater 34480 Patching D:\QT\6.9.1\6.9.1\msvc2022_64\lib\Qt6OpenGLWidgets.prl
2026-05-16 19:40:08,199 - aqt.updater - INFO - updater 34480 Patching D:\QT\6.9.1\6.9.1\msvc2022_64\lib\Qt6OpenGLWidgetsd.prl
2026-05-16 19:40:08,200 - aqt.updater - INFO - updater 34480 Patching D:\QT\6.9.1\6.9.1\msvc2022_64\lib\Qt6PacketProtocol.prl
2026-05-16 19:40:08,201 - aqt.updater - INFO - updater 34480 Patching D:\QT\6.9.1\6.9.1\msvc2022_64\lib\Qt6PacketProtocold.prl
2026-05-16 19:40:08,202 - aqt.updater - INFO - updater 34480 Patching D:\QT\6.9.1\6.9.1\msvc2022_64\lib\Qt6PrintSupport.prl
2026-05-16 19:40:08,203 - aqt.updater - INFO - updater 34480 Patching D:\QT\6.9.1\6.9.1\msvc2022_64\lib\Qt6PrintSupportd.prl
2026-05-16 19:40:08,204 - aqt.updater - INFO - updater 34480 Patching D:\QT\6.9.1\6.9.1\msvc2022_64\lib\Qt6Qml.prl
2026-05-16 19:40:08,205 - aqt.updater - INFO - updater 34480 Patching D:\QT\6.9.1\6.9.1\msvc2022_64\lib\Qt6QmlAssetDownloader.prl
2026-05-16 19:40:08,206 - aqt.updater - INFO - updater 34480 Patching D:\QT\6.9.1\6.9.1\msvc2022_64\lib\Qt6QmlAssetDownloaderd.prl
2026-05-16 19:40:08,207 - aqt.updater - INFO - updater 34480 Patching D:\QT\6.9.1\6.9.1\msvc2022_64\lib\Qt6QmlCompiler.prl
2026-05-16 19:40:08,208 - aqt.updater - INFO - updater 34480 Patching D:\QT\6.9.1\6.9.1\msvc2022_64\lib\Qt6QmlCompilerd.prl
2026-05-16 19:40:08,209 - aqt.updater - INFO - updater 34480 Patching D:\QT\6.9.1\6.9.1\msvc2022_64\lib\Qt6QmlCore.prl
2026-05-16 19:40:08,210 - aqt.updater - INFO - updater 34480 Patching D:\QT\6.9.1\6.9.1\msvc2022_64\lib\Qt6QmlCored.prl
2026-05-16 19:40:08,211 - aqt.updater - INFO - updater 34480 Patching D:\QT\6.9.1\6.9.1\msvc2022_64\lib\Qt6Qmld.prl
2026-05-16 19:40:08,212 - aqt.updater - INFO - updater 34480 Patching D:\QT\6.9.1\6.9.1\msvc2022_64\lib\Qt6QmlDebug.prl
2026-05-16 19:40:08,213 - aqt.updater - INFO - updater 34480 Patching D:\QT\6.9.1\6.9.1\msvc2022_64\lib\Qt6QmlDebugd.prl
2026-05-16 19:40:08,214 - aqt.updater - INFO - updater 34480 Patching D:\QT\6.9.1\6.9.1\msvc2022_64\lib\Qt6QmlDom.prl
2026-05-16 19:40:08,215 - aqt.updater - INFO - updater 34480 Patching D:\QT\6.9.1\6.9.1\msvc2022_64\lib\Qt6QmlDomd.prl
2026-05-16 19:40:08,216 - aqt.updater - INFO - updater 34480 Patching D:\QT\6.9.1\6.9.1\msvc2022_64\lib\Qt6QmlFormat.prl
2026-05-16 19:40:08,217 - aqt.updater - INFO - updater 34480 Patching D:\QT\6.9.1\6.9.1\msvc2022_64\lib\Qt6QmlFormatd.prl
2026-05-16 19:40:08,218 - aqt.updater - INFO - updater 34480 Patching D:\QT\6.9.1\6.9.1\msvc2022_64\lib\Qt6QmlLocalStorage.prl
2026-05-16 19:40:08,219 - aqt.updater - INFO - updater 34480 Patching D:\QT\6.9.1\6.9.1\msvc2022_64\lib\Qt6QmlLocalStoraged.prl
2026-05-16 19:40:08,220 - aqt.updater - INFO - updater 34480 Patching D:\QT\6.9.1\6.9.1\msvc2022_64\lib\Qt6QmlLS.prl
2026-05-16 19:40:08,221 - aqt.updater - INFO - updater 34480 Patching D:\QT\6.9.1\6.9.1\msvc2022_64\lib\Qt6QmlLSd.prl
2026-05-16 19:40:08,222 - aqt.updater - INFO - updater 34480 Patching D:\QT\6.9.1\6.9.1\msvc2022_64\lib\Qt6QmlMeta.prl
2026-05-16 19:40:08,224 - aqt.updater - INFO - updater 34480 Patching D:\QT\6.9.1\6.9.1\msvc2022_64\lib\Qt6QmlMetad.prl
2026-05-16 19:40:08,225 - aqt.updater - INFO - updater 34480 Patching D:\QT\6.9.1\6.9.1\msvc2022_64\lib\Qt6QmlModels.prl
2026-05-16 19:40:08,227 - aqt.updater - INFO - updater 34480 Patching D:\QT\6.9.1\6.9.1\msvc2022_64\lib\Qt6QmlModelsd.prl
2026-05-16 19:40:08,228 - aqt.updater - INFO - updater 34480 Patching D:\QT\6.9.1\6.9.1\msvc2022_64\lib\Qt6QmlNetwork.prl
2026-05-16 19:40:08,231 - aqt.updater - INFO - updater 34480 Patching D:\QT\6.9.1\6.9.1\msvc2022_64\lib\Qt6QmlNetworkd.prl
2026-05-16 19:40:08,232 - aqt.updater - INFO - updater 34480 Patching D:\QT\6.9.1\6.9.1\msvc2022_64\lib\Qt6QmlToolingSettings.prl
2026-05-16 19:40:08,233 - aqt.updater - INFO - updater 34480 Patching D:\QT\6.9.1\6.9.1\msvc2022_64\lib\Qt6QmlToolingSettingsd.prl
2026-05-16 19:40:08,235 - aqt.updater - INFO - updater 34480 Patching D:\QT\6.9.1\6.9.1\msvc2022_64\lib\Qt6QmlTypeRegistrar.prl
2026-05-16 19:40:08,236 - aqt.updater - INFO - updater 34480 Patching D:\QT\6.9.1\6.9.1\msvc2022_64\lib\Qt6QmlTypeRegistrard.prl
2026-05-16 19:40:08,238 - aqt.updater - INFO - updater 34480 Patching D:\QT\6.9.1\6.9.1\msvc2022_64\lib\Qt6QmlWorkerScript.prl
2026-05-16 19:40:08,239 - aqt.updater - INFO - updater 34480 Patching D:\QT\6.9.1\6.9.1\msvc2022_64\lib\Qt6QmlWorkerScriptd.prl
2026-05-16 19:40:08,242 - aqt.updater - INFO - updater 34480 Patching D:\QT\6.9.1\6.9.1\msvc2022_64\lib\Qt6QmlXmlListModel.prl
2026-05-16 19:40:08,243 - aqt.updater - INFO - updater 34480 Patching D:\QT\6.9.1\6.9.1\msvc2022_64\lib\Qt6QmlXmlListModeld.prl
2026-05-16 19:40:08,244 - aqt.updater - INFO - updater 34480 Patching D:\QT\6.9.1\6.9.1\msvc2022_64\lib\Qt6Quick.prl
2026-05-16 19:40:08,245 - aqt.updater - INFO - updater 34480 Patching D:\QT\6.9.1\6.9.1\msvc2022_64\lib\Qt6QuickControls2.prl
2026-05-16 19:40:08,247 - aqt.updater - INFO - updater 34480 Patching D:\QT\6.9.1\6.9.1\msvc2022_64\lib\Qt6QuickControls2Basic.prl
2026-05-16 19:40:08,248 - aqt.updater - INFO - updater 34480 Patching D:\QT\6.9.1\6.9.1\msvc2022_64\lib\Qt6QuickControls2Basicd.prl
2026-05-16 19:40:08,249 - aqt.updater - INFO - updater 34480 Patching D:\QT\6.9.1\6.9.1\msvc2022_64\lib\Qt6QuickControls2BasicStyleImpl.prl
2026-05-16 19:40:08,250 - aqt.updater - INFO - updater 34480 Patching D:\QT\6.9.1\6.9.1\msvc2022_64\lib\Qt6QuickControls2BasicStyleImpld.prl
2026-05-16 19:40:08,252 - aqt.updater - INFO - updater 34480 Patching D:\QT\6.9.1\6.9.1\msvc2022_64\lib\Qt6QuickControls2d.prl
2026-05-16 19:40:08,254 - aqt.updater - INFO - updater 34480 Patching D:\QT\6.9.1\6.9.1\msvc2022_64\lib\Qt6QuickControls2FluentWinUI3StyleImpl.prl
2026-05-16 19:40:08,255 - aqt.updater - INFO - updater 34480 Patching D:\QT\6.9.1\6.9.1\msvc2022_64\lib\Qt6QuickControls2FluentWinUI3StyleImpld.prl
2026-05-16 19:40:08,256 - aqt.updater - INFO - updater 34480 Patching D:\QT\6.9.1\6.9.1\msvc2022_64\lib\Qt6QuickControls2Fusion.prl
2026-05-16 19:40:08,257 - aqt.updater - INFO - updater 34480 Patching D:\QT\6.9.1\6.9.1\msvc2022_64\lib\Qt6QuickControls2Fusiond.prl
2026-05-16 19:40:08,258 - aqt.updater - INFO - updater 34480 Patching D:\QT\6.9.1\6.9.1\msvc2022_64\lib\Qt6QuickControls2FusionStyleImpl.prl
2026-05-16 19:40:08,259 - aqt.updater - INFO - updater 34480 Patching D:\QT\6.9.1\6.9.1\msvc2022_64\lib\Qt6QuickControls2FusionStyleImpld.prl
2026-05-16 19:40:08,260 - aqt.updater - INFO - updater 34480 Patching D:\QT\6.9.1\6.9.1\msvc2022_64\lib\Qt6QuickControls2Imagine.prl
2026-05-16 19:40:08,261 - aqt.updater - INFO - updater 34480 Patching D:\QT\6.9.1\6.9.1\msvc2022_64\lib\Qt6QuickControls2Imagined.prl
2026-05-16 19:40:08,262 - aqt.updater - INFO - updater 34480 Patching D:\QT\6.9.1\6.9.1\msvc2022_64\lib\Qt6QuickControls2ImagineStyleImpl.prl
2026-05-16 19:40:08,263 - aqt.updater - INFO - updater 34480 Patching D:\QT\6.9.1\6.9.1\msvc2022_64\lib\Qt6QuickControls2ImagineStyleImpld.prl
2026-05-16 19:40:08,264 - aqt.updater - INFO - updater 34480 Patching D:\QT\6.9.1\6.9.1\msvc2022_64\lib\Qt6QuickControls2Impl.prl
2026-05-16 19:40:08,265 - aqt.updater - INFO - updater 34480 Patching D:\QT\6.9.1\6.9.1\msvc2022_64\lib\Qt6QuickControls2Impld.prl
2026-05-16 19:40:08,266 - aqt.updater - INFO - updater 34480 Patching D:\QT\6.9.1\6.9.1\msvc2022_64\lib\Qt6QuickControls2Material.prl
2026-05-16 19:40:08,268 - aqt.updater - INFO - updater 34480 Patching D:\QT\6.9.1\6.9.1\msvc2022_64\lib\Qt6QuickControls2Materiald.prl
2026-05-16 19:40:08,269 - aqt.updater - INFO - updater 34480 Patching D:\QT\6.9.1\6.9.1\msvc2022_64\lib\Qt6QuickControls2MaterialStyleImpl.prl
2026-05-16 19:40:08,270 - aqt.updater - INFO - updater 34480 Patching D:\QT\6.9.1\6.9.1\msvc2022_64\lib\Qt6QuickControls2MaterialStyleImpld.prl
2026-05-16 19:40:08,271 - aqt.updater - INFO - updater 34480 Patching D:\QT\6.9.1\6.9.1\msvc2022_64\lib\Qt6QuickControls2Universal.prl
2026-05-16 19:40:08,272 - aqt.updater - INFO - updater 34480 Patching D:\QT\6.9.1\6.9.1\msvc2022_64\lib\Qt6QuickControls2Universald.prl
2026-05-16 19:40:08,273 - aqt.updater - INFO - updater 34480 Patching D:\QT\6.9.1\6.9.1\msvc2022_64\lib\Qt6QuickControls2UniversalStyleImpl.prl
2026-05-16 19:40:08,274 - aqt.updater - INFO - updater 34480 Patching D:\QT\6.9.1\6.9.1\msvc2022_64\lib\Qt6QuickControls2UniversalStyleImpld.prl
2026-05-16 19:40:08,275 - aqt.updater - INFO - updater 34480 Patching D:\QT\6.9.1\6.9.1\msvc2022_64\lib\Qt6QuickControls2WindowsStyleImpl.prl
2026-05-16 19:40:08,276 - aqt.updater - INFO - updater 34480 Patching D:\QT\6.9.1\6.9.1\msvc2022_64\lib\Qt6QuickControls2WindowsStyleImpld.prl
2026-05-16 19:40:08,277 - aqt.updater - INFO - updater 34480 Patching D:\QT\6.9.1\6.9.1\msvc2022_64\lib\Qt6QuickControlsTestUtils.prl
2026-05-16 19:40:08,278 - aqt.updater - INFO - updater 34480 Patching D:\QT\6.9.1\6.9.1\msvc2022_64\lib\Qt6QuickControlsTestUtilsd.prl
2026-05-16 19:40:08,279 - aqt.updater - INFO - updater 34480 Patching D:\QT\6.9.1\6.9.1\msvc2022_64\lib\Qt6Quickd.prl
2026-05-16 19:40:08,280 - aqt.updater - INFO - updater 34480 Patching D:\QT\6.9.1\6.9.1\msvc2022_64\lib\Qt6QuickDialogs2.prl
2026-05-16 19:40:08,281 - aqt.updater - INFO - updater 34480 Patching D:\QT\6.9.1\6.9.1\msvc2022_64\lib\Qt6QuickDialogs2d.prl
2026-05-16 19:40:08,282 - aqt.updater - INFO - updater 34480 Patching D:\QT\6.9.1\6.9.1\msvc2022_64\lib\Qt6QuickDialogs2QuickImpl.prl
2026-05-16 19:40:08,283 - aqt.updater - INFO - updater 34480 Patching D:\QT\6.9.1\6.9.1\msvc2022_64\lib\Qt6QuickDialogs2QuickImpld.prl
2026-05-16 19:40:08,284 - aqt.updater - INFO - updater 34480 Patching D:\QT\6.9.1\6.9.1\msvc2022_64\lib\Qt6QuickDialogs2Utils.prl
2026-05-16 19:40:08,286 - aqt.updater - INFO - updater 34480 Patching D:\QT\6.9.1\6.9.1\msvc2022_64\lib\Qt6QuickDialogs2Utilsd.prl
2026-05-16 19:40:08,287 - aqt.updater - INFO - updater 34480 Patching D:\QT\6.9.1\6.9.1\msvc2022_64\lib\Qt6QuickEffects.prl
2026-05-16 19:40:08,288 - aqt.updater - INFO - updater 34480 Patching D:\QT\6.9.1\6.9.1\msvc2022_64\lib\Qt6QuickEffectsd.prl
2026-05-16 19:40:08,290 - aqt.updater - INFO - updater 34480 Patching D:\QT\6.9.1\6.9.1\msvc2022_64\lib\Qt6QuickLayouts.prl
2026-05-16 19:40:08,291 - aqt.updater - INFO - updater 34480 Patching D:\QT\6.9.1\6.9.1\msvc2022_64\lib\Qt6QuickLayoutsd.prl
2026-05-16 19:40:08,292 - aqt.updater - INFO - updater 34480 Patching D:\QT\6.9.1\6.9.1\msvc2022_64\lib\Qt6QuickParticles.prl
2026-05-16 19:40:08,294 - aqt.updater - INFO - updater 34480 Patching D:\QT\6.9.1\6.9.1\msvc2022_64\lib\Qt6QuickParticlesd.prl
2026-05-16 19:40:08,295 - aqt.updater - INFO - updater 34480 Patching D:\QT\6.9.1\6.9.1\msvc2022_64\lib\Qt6QuickShapes.prl
2026-05-16 19:40:08,296 - aqt.updater - INFO - updater 34480 Patching D:\QT\6.9.1\6.9.1\msvc2022_64\lib\Qt6QuickShapesd.prl
2026-05-16 19:40:08,297 - aqt.updater - INFO - updater 34480 Patching D:\QT\6.9.1\6.9.1\msvc2022_64\lib\Qt6QuickTemplates2.prl
2026-05-16 19:40:08,298 - aqt.updater - INFO - updater 34480 Patching D:\QT\6.9.1\6.9.1\msvc2022_64\lib\Qt6QuickTemplates2d.prl
2026-05-16 19:40:08,300 - aqt.updater - INFO - updater 34480 Patching D:\QT\6.9.1\6.9.1\msvc2022_64\lib\Qt6QuickTest.prl
2026-05-16 19:40:08,301 - aqt.updater - INFO - updater 34480 Patching D:\QT\6.9.1\6.9.1\msvc2022_64\lib\Qt6QuickTestd.prl
2026-05-16 19:40:08,302 - aqt.updater - INFO - updater 34480 Patching D:\QT\6.9.1\6.9.1\msvc2022_64\lib\Qt6QuickTestUtils.prl
2026-05-16 19:40:08,303 - aqt.updater - INFO - updater 34480 Patching D:\QT\6.9.1\6.9.1\msvc2022_64\lib\Qt6QuickTestUtilsd.prl
2026-05-16 19:40:08,304 - aqt.updater - INFO - updater 34480 Patching D:\QT\6.9.1\6.9.1\msvc2022_64\lib\Qt6QuickVectorImage.prl
2026-05-16 19:40:08,305 - aqt.updater - INFO - updater 34480 Patching D:\QT\6.9.1\6.9.1\msvc2022_64\lib\Qt6QuickVectorImaged.prl
2026-05-16 19:40:08,307 - aqt.updater - INFO - updater 34480 Patching D:\QT\6.9.1\6.9.1\msvc2022_64\lib\Qt6QuickVectorImageGenerator.prl
2026-05-16 19:40:08,308 - aqt.updater - INFO - updater 34480 Patching D:\QT\6.9.1\6.9.1\msvc2022_64\lib\Qt6QuickVectorImageGeneratord.prl
2026-05-16 19:40:08,309 - aqt.updater - INFO - updater 34480 Patching D:\QT\6.9.1\6.9.1\msvc2022_64\lib\Qt6QuickWidgets.prl
2026-05-16 19:40:08,310 - aqt.updater - INFO - updater 34480 Patching D:\QT\6.9.1\6.9.1\msvc2022_64\lib\Qt6QuickWidgetsd.prl
2026-05-16 19:40:08,311 - aqt.updater - INFO - updater 34480 Patching D:\QT\6.9.1\6.9.1\msvc2022_64\lib\Qt6Sql.prl
2026-05-16 19:40:08,312 - aqt.updater - INFO - updater 34480 Patching D:\QT\6.9.1\6.9.1\msvc2022_64\lib\Qt6Sqld.prl
2026-05-16 19:40:08,313 - aqt.updater - INFO - updater 34480 Patching D:\QT\6.9.1\6.9.1\msvc2022_64\lib\Qt6Svg.prl
2026-05-16 19:40:08,314 - aqt.updater - INFO - updater 34480 Patching D:\QT\6.9.1\6.9.1\msvc2022_64\lib\Qt6Svgd.prl
2026-05-16 19:40:08,316 - aqt.updater - INFO - updater 34480 Patching D:\QT\6.9.1\6.9.1\msvc2022_64\lib\Qt6SvgWidgets.prl
2026-05-16 19:40:08,317 - aqt.updater - INFO - updater 34480 Patching D:\QT\6.9.1\6.9.1\msvc2022_64\lib\Qt6SvgWidgetsd.prl
2026-05-16 19:40:08,318 - aqt.updater - INFO - updater 34480 Patching D:\QT\6.9.1\6.9.1\msvc2022_64\lib\Qt6Test.prl
2026-05-16 19:40:08,320 - aqt.updater - INFO - updater 34480 Patching D:\QT\6.9.1\6.9.1\msvc2022_64\lib\Qt6Testd.prl
2026-05-16 19:40:08,322 - aqt.updater - INFO - updater 34480 Patching D:\QT\6.9.1\6.9.1\msvc2022_64\lib\Qt6UiTools.prl
2026-05-16 19:40:08,323 - aqt.updater - INFO - updater 34480 Patching D:\QT\6.9.1\6.9.1\msvc2022_64\lib\Qt6UiToolsd.prl
2026-05-16 19:40:08,324 - aqt.updater - INFO - updater 34480 Patching D:\QT\6.9.1\6.9.1\msvc2022_64\lib\Qt6Widgets.prl
2026-05-16 19:40:08,326 - aqt.updater - INFO - updater 34480 Patching D:\QT\6.9.1\6.9.1\msvc2022_64\lib\Qt6Widgetsd.prl
2026-05-16 19:40:08,327 - aqt.updater - INFO - updater 34480 Patching D:\QT\6.9.1\6.9.1\msvc2022_64\lib\Qt6Xml.prl
2026-05-16 19:40:08,328 - aqt.updater - INFO - updater 34480 Patching D:\QT\6.9.1\6.9.1\msvc2022_64\lib\Qt6Xmld.prl
2026-05-16 19:40:08,330 - aqt.main - INFO - installer 34480 Finished installation
2026-05-16 19:40:08,330 - aqt.main - INFO - installer 34480 Time elapsed: 547.76345690 second
